\BOOKMARK [1][-]{section.1}{\376\377\127\372\147\054\166\204\220\022\137\122\173\227\154\325}{}% 1
\BOOKMARK [2][-]{subsection.1.1}{\376\377\116\214\230\171\137\017\166\204\213\241\173\227}{section.1}% 2
\BOOKMARK [3][-]{subsubsection.1.1.1}{\376\377\225\356\230\230\143\317\217\360}{subsection.1.1}% 3
\BOOKMARK [3][-]{subsubsection.1.1.2}{\376\377\211\343\121\263\225\356\230\230\142\100\165\050\166\204\173\227\154\325\213\276\213\241\145\271\154\325\123\312\127\372\147\054\140\035\215\357}{subsection.1.1}% 4
\BOOKMARK [3][-]{subsubsection.1.1.3}{\376\377\221\307\165\050\166\204\145\160\143\156\176\323\147\204\143\317\217\360}{subsection.1.1}% 5
\BOOKMARK [3][-]{subsubsection.1.1.4}{\376\377\173\227\154\325\143\317\217\360}{subsection.1.1}% 6
\BOOKMARK [3][-]{subsubsection.1.1.5}{\376\377\173\227\154\325\166\204\145\366\225\364\172\172\225\364\131\015\147\102\136\246\122\006\147\220}{subsection.1.1}% 7
\BOOKMARK [3][-]{subsubsection.1.1.6}{\376\377\173\227\154\325\133\236\117\213}{subsection.1.1}% 8
\BOOKMARK [2][-]{subsection.1.2}{\376\377\176\330\122\066\173\200\123\125\166\204\122\006\137\142\150\021}{section.1}% 9
\BOOKMARK [3][-]{subsubsection.1.2.1}{\376\377\225\356\230\230\143\317\217\360}{subsection.1.2}% 10
\BOOKMARK [3][-]{subsubsection.1.2.2}{\376\377\211\343\121\263\225\356\230\230\142\100\165\050\166\204\173\227\154\325\213\276\213\241\145\271\154\325\123\312\127\372\147\054\140\035\140\363}{subsection.1.2}% 11
\BOOKMARK [3][-]{subsubsection.1.2.3}{\376\377\221\307\165\050\166\204\145\160\143\156\176\323\147\204\143\317\217\360}{subsection.1.2}% 12
\BOOKMARK [3][-]{subsubsection.1.2.4}{\376\377\173\227\154\325\143\317\217\360\000\040}{subsection.1.2}% 13
\BOOKMARK [3][-]{subsubsection.1.2.5}{\376\377\173\227\154\325\166\204\145\366\225\364\172\172\225\364\131\015\147\102\136\246\122\006\147\220\000\040}{subsection.1.2}% 14
\BOOKMARK [3][-]{subsubsection.1.2.6}{\376\377\173\227\154\325\133\236\117\213}{subsection.1.2}% 15
\BOOKMARK [1][-]{section.2}{\376\377\220\115\123\206}{}% 16
\BOOKMARK [2][-]{subsection.2.1}{\376\377\0008\124\301\201\061\225\356\230\230}{section.2}% 17
\BOOKMARK [3][-]{subsubsection.2.1.1}{\376\377\225\356\230\230\143\317\217\360}{subsection.2.1}% 18
\BOOKMARK [3][-]{subsubsection.2.1.2}{\376\377\211\343\121\263\225\356\230\230\142\100\165\050\166\204\173\227\154\325\213\276\213\241\145\271\154\325\123\312\127\372\147\054\140\035\140\363}{subsection.2.1}% 19
\BOOKMARK [3][-]{subsubsection.2.1.3}{\376\377\221\307\165\050\166\204\145\160\143\156\176\323\147\204\143\317\217\360}{subsection.2.1}% 20
\BOOKMARK [3][-]{subsubsection.2.1.4}{\376\377\173\227\154\325\143\317\217\360\000\040}{subsection.2.1}% 21
\BOOKMARK [3][-]{subsubsection.2.1.5}{\376\377\173\227\154\325\166\204\145\366\225\364\172\172\225\364\131\015\147\102\136\246\122\006\147\220\000\040}{subsection.2.1}% 22
\BOOKMARK [3][-]{subsubsection.2.1.6}{\376\377\173\227\154\325\133\236\117\213}{subsection.2.1}% 23
\BOOKMARK [2][-]{subsection.2.2}{\376\377\0002\0004\160\271\225\356\230\230}{section.2}% 24
\BOOKMARK [3][-]{subsubsection.2.2.1}{\376\377\225\356\230\230\143\317\217\360}{subsection.2.2}% 25
\BOOKMARK [3][-]{subsubsection.2.2.2}{\376\377\211\343\121\263\225\356\230\230\142\100\165\050\166\204\173\227\154\325\213\276\213\241\145\271\154\325\123\312\127\372\147\054\140\035\140\363}{subsection.2.2}% 26
\BOOKMARK [3][-]{subsubsection.2.2.3}{\376\377\221\307\165\050\166\204\145\160\143\156\176\323\147\204\143\317\217\360}{subsection.2.2}% 27
\BOOKMARK [3][-]{subsubsection.2.2.4}{\376\377\173\227\154\325\143\317\217\360\000\040}{subsection.2.2}% 28
\BOOKMARK [3][-]{subsubsection.2.2.5}{\376\377\173\227\154\325\166\204\145\366\225\364\172\172\225\364\131\015\147\102\136\246\122\006\147\220\000\040}{subsection.2.2}% 29
\BOOKMARK [3][-]{subsubsection.2.2.6}{\376\377\173\227\154\325\133\236\117\213}{subsection.2.2}% 30
\BOOKMARK [1][-]{section.3}{\376\377\122\250\140\001\211\304\122\022}{}% 31
\BOOKMARK [2][-]{subsection.3.1}{\376\377\147\000\225\177\126\336\145\207\133\120\136\217\122\027\225\356\230\230}{section.3}% 32
\BOOKMARK [3][-]{subsubsection.3.1.1}{\376\377\225\356\230\230\143\317\217\360}{subsection.3.1}% 33
\BOOKMARK [3][-]{subsubsection.3.1.2}{\376\377\211\343\121\263\225\356\230\230\142\100\165\050\166\204\173\227\154\325\213\276\213\241\145\271\154\325\123\312\127\372\147\054\140\035\140\363}{subsection.3.1}% 34
\BOOKMARK [3][-]{subsubsection.3.1.3}{\376\377\221\307\165\050\166\204\145\160\143\156\176\323\147\204\143\317\217\360}{subsection.3.1}% 35
\BOOKMARK [3][-]{subsubsection.3.1.4}{\376\377\173\227\154\325\143\317\217\360\000\040}{subsection.3.1}% 36
\BOOKMARK [3][-]{subsubsection.3.1.5}{\376\377\173\227\154\325\166\204\145\366\225\364\172\172\225\364\131\015\147\102\136\246\122\006\147\220\000\040}{subsection.3.1}% 37
\BOOKMARK [3][-]{subsubsection.3.1.6}{\376\377\173\227\154\325\133\236\117\213}{subsection.3.1}% 38
\BOOKMARK [2][-]{subsection.3.2}{\376\377\134\017\177\216\215\055\162\151\225\356\230\230}{section.3}% 39
\BOOKMARK [3][-]{subsubsection.3.2.1}{\376\377\225\356\230\230\143\317\217\360}{subsection.3.2}% 40
\BOOKMARK [3][-]{subsubsection.3.2.2}{\376\377\211\343\121\263\225\356\230\230\142\100\165\050\166\204\173\227\154\325\213\276\213\241\145\271\154\325\123\312\127\372\147\054\140\035\140\363}{subsection.3.2}% 41
\BOOKMARK [3][-]{subsubsection.3.2.3}{\376\377\221\307\165\050\166\204\145\160\143\156\176\323\147\204\143\317\217\360}{subsection.3.2}% 42
\BOOKMARK [3][-]{subsubsection.3.2.4}{\376\377\173\227\154\325\143\317\217\360\000\040}{subsection.3.2}% 43
\BOOKMARK [3][-]{subsubsection.3.2.5}{\376\377\173\227\154\325\166\204\145\366\225\364\172\172\225\364\131\015\147\102\136\246\122\006\147\220\000\040}{subsection.3.2}% 44
\BOOKMARK [3][-]{subsubsection.3.2.6}{\376\377\173\227\154\325\133\236\117\213}{subsection.3.2}% 45
\BOOKMARK [1][-]{section.4}{\376\377\122\006\145\057\226\120\165\114\116\016\126\336\156\257}{}% 46
\BOOKMARK [2][-]{subsection.4.1}{\376\377\000n\116\052\131\004\164\006\147\072\124\214\000k\116\052\116\373\122\241\225\356\230\230}{section.4}% 47
\BOOKMARK [3][-]{subsubsection.4.1.1}{\376\377\225\356\230\230\143\317\217\360}{subsection.4.1}% 48
\BOOKMARK [3][-]{subsubsection.4.1.2}{\376\377\211\343\121\263\225\356\230\230\142\100\165\050\166\204\173\227\154\325\213\276\213\241\145\271\154\325\123\312\127\372\147\054\140\035\140\363}{subsection.4.1}% 49
\BOOKMARK [3][-]{subsubsection.4.1.3}{\376\377\221\307\165\050\166\204\145\160\143\156\176\323\147\204\143\317\217\360}{subsection.4.1}% 50
\BOOKMARK [3][-]{subsubsection.4.1.4}{\376\377\173\227\154\325\143\317\217\360\000\040}{subsection.4.1}% 51
\BOOKMARK [3][-]{subsubsection.4.1.5}{\376\377\173\227\154\325\166\204\145\366\225\364\172\172\225\364\131\015\147\102\136\246\122\006\147\220\000\040}{subsection.4.1}% 52
\BOOKMARK [3][-]{subsubsection.4.1.6}{\376\377\173\227\154\325\133\236\117\213}{subsection.4.1}% 53
\BOOKMARK [1][-]{section.5}{\376\377\226\104\122\240\230\230\166\356}{}% 54
\BOOKMARK [2][-]{subsection.5.1}{\376\377\133\146\116\140\215\205\136\002\220\011\127\100\225\356\230\230}{section.5}% 55
\BOOKMARK [3][-]{subsubsection.5.1.1}{\376\377\225\356\230\230\143\317\217\360}{subsection.5.1}% 56
\BOOKMARK [3][-]{subsubsection.5.1.2}{\376\377\211\343\121\263\225\356\230\230\142\100\165\050\166\204\173\227\154\325\213\276\213\241\145\271\154\325\123\312\127\372\147\054\140\035\140\363}{subsection.5.1}% 57
\BOOKMARK [3][-]{subsubsection.5.1.3}{\376\377\221\307\165\050\166\204\145\160\143\156\176\323\147\204\143\317\217\360}{subsection.5.1}% 58
\BOOKMARK [3][-]{subsubsection.5.1.4}{\376\377\173\227\154\325\143\317\217\360\000\040}{subsection.5.1}% 59
\BOOKMARK [3][-]{subsubsection.5.1.5}{\376\377\173\227\154\325\166\204\145\366\225\364\172\172\225\364\131\015\147\102\136\246\122\006\147\220\000\040}{subsection.5.1}% 60
\BOOKMARK [3][-]{subsubsection.5.1.6}{\376\377\173\227\154\325\133\236\117\213}{subsection.5.1}% 61
\BOOKMARK [1][-]{section.6}{\376\377\213\376\172\013\213\276\213\241\140\073\176\323}{}% 62
